# JRE version: OpenJDK Runtime Environment Temurin-17.0.5+8 (17.0.5+8) (build 17.0.5+8)
# Java VM: OpenJDK 64-Bit Server VM Temurin-17.0.5+8 (17.0.5+8, mixed mode, tiered, compressed oops, compressed class ptrs, parallel gc, linux-amd64)
GC Precious Log:
 CPUs: 4 total, 4 available
 Memory: 2835M
 Large Page Support: Disabled
 NUMA Support: Disabled
 Compressed Oops: Enabled (32-bit)
 Alignments: Space 512K, Generation 512K, Heap 2M
 Heap Min Capacity: 100M
 Heap Initial Capacity: 100M
 Heap Max Capacity: 1G
 Pre-touch: Disabled
 Parallel Workers: 4
GC Heap History (20 events):
Event: 112.371 GC heap before
{Heap before GC invocations=233 (full 11):
 PSYoungGen      total 12288K, used 12056K [0x00000000eab00000, 0x00000000eb980000, 0x0000000100000000)
  eden space 9728K, 98% used [0x00000000eab00000,0x00000000eb455098,0x00000000eb480000)
  from space 2560K, 97% used [0x00000000eb700000,0x00000000eb971208,0x00000000eb980000)
  to   space 2560K, 0% used [0x00000000eb480000,0x00000000eb480000,0x00000000eb700000)
 ParOldGen       total 333312K, used 305219K [0x00000000c0000000, 0x00000000d4580000, 0x00000000eab00000)
  object space 333312K, 91% used [0x00000000c0000000,0x00000000d2a10fa8,0x00000000d4580000)
 Metaspace       used 64532K, committed 65472K, reserved 1114112K
  class space    used 6871K, committed 7232K, reserved 1048576K
}
Event: 112.416 GC heap after
{Heap after GC invocations=233 (full 11):
 PSYoungGen      total 12288K, used 2559K [0x00000000eab00000, 0x00000000ec980000, 0x0000000100000000)
  eden space 9728K, 0% used [0x00000000eab00000,0x00000000eab00000,0x00000000eb480000)
  from space 2560K, 99% used [0x00000000eb480000,0x00000000eb6fffa0,0x00000000eb700000)
  to   space 10240K, 0% used [0x00000000ebf80000,0x00000000ebf80000,0x00000000ec980000)
 ParOldGen       total 333312K, used 311630K [0x00000000c0000000, 0x00000000d4580000, 0x00000000eab00000)
  object space 333312K, 93% used [0x00000000c0000000,0x00000000d3053b98,0x00000000d4580000)
 Metaspace       used 64532K, committed 65472K, reserved 1114112K
  class space    used 6871K, committed 7232K, reserved 1048576K
}
Event: 113.209 GC heap before
{Heap before GC invocations=234 (full 11):
 PSYoungGen      total 12288K, used 12164K [0x00000000eab00000, 0x00000000ec980000, 0x0000000100000000)
  eden space 9728K, 98% used [0x00000000eab00000,0x00000000eb461078,0x00000000eb480000)
  from space 2560K, 99% used [0x00000000eb480000,0x00000000eb6fffa0,0x00000000eb700000)
  to   space 10240K, 0% used [0x00000000ebf80000,0x00000000ebf80000,0x00000000ec980000)
 ParOldGen       total 333312K, used 311630K [0x00000000c0000000, 0x00000000d4580000, 0x00000000eab00000)
  object space 333312K, 93% used [0x00000000c0000000,0x00000000d3053b98,0x00000000d4580000)
 Metaspace       used 64532K, committed 65472K, reserved 1114112K
  class space    used 6871K, committed 7232K, reserved 1048576K
}
Event: 113.302 GC heap after
{Heap after GC invocations=234 (full 11):
 PSYoungGen      total 20992K, used 9375K [0x00000000eab00000, 0x00000000ec980000, 0x0000000100000000)
  eden space 10752K, 0% used [0x00000000eab00000,0x00000000eab00000,0x00000000eb580000)
  from space 10240K, 91% used [0x00000000ebf80000,0x00000000ec8a7c00,0x00000000ec980000)
  to   space 10240K, 0% used [0x00000000eb580000,0x00000000eb580000,0x00000000ebf80000)
 ParOldGen       total 333312K, used 313157K [0x00000000c0000000, 0x00000000d4580000, 0x00000000eab00000)
  object space 333312K, 93% used [0x00000000c0000000,0x00000000d31d15e0,0x00000000d4580000)
 Metaspace       used 64532K, committed 65472K, reserved 1114112K
  class space    used 6871K, committed 7232K, reserved 1048576K
}
Event: 115.033 GC heap before
{Heap before GC invocations=235 (full 11):
 PSYoungGen      total 20992K, used 19998K [0x00000000eab00000, 0x00000000ec980000, 0x0000000100000000)
  eden space 10752K, 98% used [0x00000000eab00000,0x00000000eb55fe60,0x00000000eb580000)
  from space 10240K, 91% used [0x00000000ebf80000,0x00000000ec8a7c00,0x00000000ec980000)
  to   space 10240K, 0% used [0x00000000eb580000,0x00000000eb580000,0x00000000ebf80000)
 ParOldGen       total 333312K, used 313157K [0x00000000c0000000, 0x00000000d4580000, 0x00000000eab00000)
  object space 333312K, 93% used [0x00000000c0000000,0x00000000d31d15e0,0x00000000d4580000)
 Metaspace       used 64532K, committed 65472K, reserved 1114112K
  class space    used 6871K, committed 7232K, reserved 1048576K
}
Event: 115.117 GC heap after
{Heap after GC invocations=235 (full 11):
 PSYoungGen      total 20992K, used 10224K [0x00000000eab00000, 0x00000000ee000000, 0x0000000100000000)
  eden space 10752K, 0% used [0x00000000eab00000,0x00000000eab00000,0x00000000eb580000)
  from space 10240K, 99% used [0x00000000eb580000,0x00000000ebf7c0e8,0x00000000ebf80000)
  to   space 20992K, 0% used [0x00000000ecb80000,0x00000000ecb80000,0x00000000ee000000)
 ParOldGen       total 333312K, used 321745K [0x00000000c0000000, 0x00000000d4580000, 0x00000000eab00000)
  object space 333312K, 96% used [0x00000000c0000000,0x00000000d3a34588,0x00000000d4580000)
 Metaspace       used 64532K, committed 65472K, reserved 1114112K
  class space    used 6871K, committed 7232K, reserved 1048576K
}
Event: 116.008 GC heap before
{Heap before GC invocations=236 (full 11):
 PSYoungGen      total 20992K, used 20976K [0x00000000eab00000, 0x00000000ee000000, 0x0000000100000000)
  eden space 10752K, 100% used [0x00000000eab00000,0x00000000eb580000,0x00000000eb580000)
  from space 10240K, 99% used [0x00000000eb580000,0x00000000ebf7c0e8,0x00000000ebf80000)
  to   space 20992K, 0% used [0x00000000ecb80000,0x00000000ecb80000,0x00000000ee000000)
 ParOldGen       total 333312K, used 321745K [0x00000000c0000000, 0x00000000d4580000, 0x00000000eab00000)
  object space 333312K, 96% used [0x00000000c0000000,0x00000000d3a34588,0x00000000d4580000)
 Metaspace       used 64532K, committed 65472K, reserved 1114112K
  class space    used 6871K, committed 7232K, reserved 1048576K
}
Event: 116.089 GC heap after
{Heap after GC invocations=236 (full 11):
 PSYoungGen      total 22528K, used 10734K [0x00000000eab00000, 0x00000000ed600000, 0x0000000100000000)
  eden space 11776K, 0% used [0x00000000eab00000,0x00000000eab00000,0x00000000eb680000)
  from space 10752K, 99% used [0x00000000ecb80000,0x00000000ed5fb8e8,0x00000000ed600000)
  to   space 13824K, 0% used [0x00000000ebb00000,0x00000000ebb00000,0x00000000ec880000)
 ParOldGen       total 333312K, used 329909K [0x00000000c0000000, 0x00000000d4580000, 0x00000000eab00000)
  object space 333312K, 98% used [0x00000000c0000000,0x00000000d422d608,0x00000000d4580000)
 Metaspace       used 64532K, committed 65472K, reserved 1114112K
  class space    used 6871K, committed 7232K, reserved 1048576K
}
Event: 116.089 GC heap before
{Heap before GC invocations=237 (full 12):
 PSYoungGen      total 22528K, used 10734K [0x00000000eab00000, 0x00000000ed600000, 0x0000000100000000)
  eden space 11776K, 0% used [0x00000000eab00000,0x00000000eab00000,0x00000000eb680000)
  from space 10752K, 99% used [0x00000000ecb80000,0x00000000ed5fb8e8,0x00000000ed600000)
  to   space 13824K, 0% used [0x00000000ebb00000,0x00000000ebb00000,0x00000000ec880000)
 ParOldGen       total 333312K, used 329909K [0x00000000c0000000, 0x00000000d4580000, 0x00000000eab00000)
  object space 333312K, 98% used [0x00000000c0000000,0x00000000d422d608,0x00000000d4580000)
 Metaspace       used 64532K, committed 65472K, reserved 1114112K
  class space    used 6871K, committed 7232K, reserved 1048576K
}
Event: 117.070 GC heap after
{Heap after GC invocations=237 (full 12):
 PSYoungGen      total 19968K, used 1450K [0x00000000eab00000, 0x00000000ed280000, 0x0000000100000000)
  eden space 12800K, 0% used [0x00000000eab00000,0x00000000eab00000,0x00000000eb780000)
  from space 7168K, 20% used [0x00000000ecb80000,0x00000000ecceaaa0,0x00000000ed280000)
  to   space 13824K, 0% used [0x00000000eb780000,0x00000000eb780000,0x00000000ec500000)
 ParOldGen       total 391168K, used 332904K [0x00000000c0000000, 0x00000000d7e00000, 0x00000000eab00000)
  object space 391168K, 85% used [0x00000000c0000000,0x00000000d451a040,0x00000000d7e00000)
 Metaspace       used 64532K, committed 65472K, reserved 1114112K
  class space    used 6871K, committed 7232K, reserved 1048576K
}
Event: 118.357 GC heap before
{Heap before GC invocations=238 (full 12):
 PSYoungGen      total 19968K, used 14107K [0x00000000eab00000, 0x00000000ed280000, 0x0000000100000000)
  eden space 12800K, 98% used [0x00000000eab00000,0x00000000eb75c240,0x00000000eb780000)
  from space 7168K, 20% used [0x00000000ecb80000,0x00000000ecceaaa0,0x00000000ed280000)
  to   space 13824K, 0% used [0x00000000eb780000,0x00000000eb780000,0x00000000ec500000)
 ParOldGen       total 391168K, used 332904K [0x00000000c0000000, 0x00000000d7e00000, 0x00000000eab00000)
  object space 391168K, 85% used [0x00000000c0000000,0x00000000d451a040,0x00000000d7e00000)
 Metaspace       used 64532K, committed 65472K, reserved 1114112K
  class space    used 6871K, committed 7232K, reserved 1048576K
}
Event: 118.519 GC heap after
{Heap after GC invocations=238 (full 12):
 PSYoungGen      total 26624K, used 13812K [0x00000000eab00000, 0x00000000ed580000, 0x0000000100000000)
  eden space 12800K, 0% used [0x00000000eab00000,0x00000000eab00000,0x00000000eb780000)
  from space 13824K, 99% used [0x00000000eb780000,0x00000000ec4fd338,0x00000000ec500000)
  to   space 14848K, 0% used [0x00000000ec700000,0x00000000ec700000,0x00000000ed580000)
 ParOldGen       total 391168K, used 333064K [0x00000000c0000000, 0x00000000d7e00000, 0x00000000eab00000)
  object space 391168K, 85% used [0x00000000c0000000,0x00000000d4542040,0x00000000d7e00000)
 Metaspace       used 64532K, committed 65472K, reserved 1114112K
  class space    used 6871K, committed 7232K, reserved 1048576K
}
Event: 119.624 GC heap before
{Heap before GC invocations=239 (full 12):
 PSYoungGen      total 26624K, used 25415K [0x00000000eab00000, 0x00000000ed580000, 0x0000000100000000)
  eden space 12800K, 90% used [0x00000000eab00000,0x00000000eb654b10,0x00000000eb780000)
  from space 13824K, 99% used [0x00000000eb780000,0x00000000ec4fd338,0x00000000ec500000)
  to   space 14848K, 0% used [0x00000000ec700000,0x00000000ec700000,0x00000000ed580000)
 ParOldGen       total 391168K, used 333064K [0x00000000c0000000, 0x00000000d7e00000, 0x00000000eab00000)
  object space 391168K, 85% used [0x00000000c0000000,0x00000000d4542040,0x00000000d7e00000)
 Metaspace       used 64549K, committed 65536K, reserved 1114112K
  class space    used 6871K, committed 7232K, reserved 1048576K
}
Event: 119.741 GC heap after
{Heap after GC invocations=239 (full 12):
 PSYoungGen      total 25600K, used 11597K [0x00000000eab00000, 0x00000000ed280000, 0x0000000100000000)
  eden space 13824K, 0% used [0x00000000eab00000,0x00000000eab00000,0x00000000eb880000)
  from space 11776K, 98% used [0x00000000ec700000,0x00000000ed2536b8,0x00000000ed280000)
  to   space 12800K, 0% used [0x00000000eb980000,0x00000000eb980000,0x00000000ec600000)
 ParOldGen       total 391168K, used 346775K [0x00000000c0000000, 0x00000000d7e00000, 0x00000000eab00000)
  object space 391168K, 88% used [0x00000000c0000000,0x00000000d52a5c60,0x00000000d7e00000)
 Metaspace       used 64549K, committed 65536K, reserved 1114112K
  class space    used 6871K, committed 7232K, reserved 1048576K
}
Event: 122.250 GC heap before
{Heap before GC invocations=240 (full 12):
 PSYoungGen      total 25600K, used 25421K [0x00000000eab00000, 0x00000000ed280000, 0x0000000100000000)
  eden space 13824K, 100% used [0x00000000eab00000,0x00000000eb880000,0x00000000eb880000)
  from space 11776K, 98% used [0x00000000ec700000,0x00000000ed2536b8,0x00000000ed280000)
  to   space 12800K, 0% used [0x00000000eb980000,0x00000000eb980000,0x00000000ec600000)
 ParOldGen       total 391168K, used 346775K [0x00000000c0000000, 0x00000000d7e00000, 0x00000000eab00000)
  object space 391168K, 88% used [0x00000000c0000000,0x00000000d52a5c60,0x00000000d7e00000)
 Metaspace       used 64564K, committed 65536K, reserved 1114112K
  class space    used 6871K, committed 7232K, reserved 1048576K
}
Event: 122.327 GC heap after
{Heap after GC invocations=240 (full 12):
 PSYoungGen      total 27648K, used 12793K [0x00000000eab00000, 0x00000000ee700000, 0x0000000100000000)
  eden space 14848K, 0% used [0x00000000eab00000,0x00000000eab00000,0x00000000eb980000)
  from space 12800K, 99% used [0x00000000eb980000,0x00000000ec5fe6e8,0x00000000ec600000)
  to   space 23040K, 0% used [0x00000000ed080000,0x00000000ed080000,0x00000000ee700000)
 ParOldGen       total 391168K, used 354925K [0x00000000c0000000, 0x00000000d7e00000, 0x00000000eab00000)
  object space 391168K, 90% used [0x00000000c0000000,0x00000000d5a9b698,0x00000000d7e00000)
 Metaspace       used 64564K, committed 65536K, reserved 1114112K
  class space    used 6871K, committed 7232K, reserved 1048576K
}
Event: 123.195 GC heap before
{Heap before GC invocations=241 (full 12):
 PSYoungGen      total 27648K, used 27641K [0x00000000eab00000, 0x00000000ee700000, 0x0000000100000000)
  eden space 14848K, 100% used [0x00000000eab00000,0x00000000eb980000,0x00000000eb980000)
  from space 12800K, 99% used [0x00000000eb980000,0x00000000ec5fe6e8,0x00000000ec600000)
  to   space 23040K, 0% used [0x00000000ed080000,0x00000000ed080000,0x00000000ee700000)
 ParOldGen       total 391168K, used 354925K [0x00000000c0000000, 0x00000000d7e00000, 0x00000000eab00000)
  object space 391168K, 90% used [0x00000000c0000000,0x00000000d5a9b698,0x00000000d7e00000)
 Metaspace       used 64594K, committed 65536K, reserved 1114112K
  class space    used 6874K, committed 7232K, reserved 1048576K
}
Event: 123.296 GC heap after
{Heap after GC invocations=241 (full 12):
 PSYoungGen      total 20992K, used 4407K [0x00000000eab00000, 0x00000000ed500000, 0x0000000100000000)
  eden space 16384K, 0% used [0x00000000eab00000,0x00000000eab00000,0x00000000ebb00000)
  from space 4608K, 95% used [0x00000000ed080000,0x00000000ed4cdc48,0x00000000ed500000)
  to   space 10752K, 0% used [0x00000000ec000000,0x00000000ec000000,0x00000000eca80000)
 ParOldGen       total 391168K, used 367491K [0x00000000c0000000, 0x00000000d7e00000, 0x00000000eab00000)
  object space 391168K, 93% used [0x00000000c0000000,0x00000000d66e0f98,0x00000000d7e00000)
 Metaspace       used 64594K, committed 65536K, reserved 1114112K
  class space    used 6874K, committed 7232K, reserved 1048576K
}
Event: 123.513 GC heap before
{Heap before GC invocations=242 (full 12):
 PSYoungGen      total 20992K, used 20703K [0x00000000eab00000, 0x00000000ed500000, 0x0000000100000000)
  eden space 16384K, 99% used [0x00000000eab00000,0x00000000ebaea150,0x00000000ebb00000)
  from space 4608K, 95% used [0x00000000ed080000,0x00000000ed4cdc48,0x00000000ed500000)
  to   space 10752K, 0% used [0x00000000ec000000,0x00000000ec000000,0x00000000eca80000)
 ParOldGen       total 391168K, used 367491K [0x00000000c0000000, 0x00000000d7e00000, 0x00000000eab00000)
  object space 391168K, 93% used [0x00000000c0000000,0x00000000d66e0f98,0x00000000d7e00000)
 Metaspace       used 64615K, committed 65536K, reserved 1114112K
  class space    used 6875K, committed 7232K, reserved 1048576K
}
Event: 123.599 GC heap after
{Heap after GC invocations=242 (full 12):
 PSYoungGen      total 29184K, used 10745K [0x00000000eab00000, 0x00000000ee400000, 0x0000000100000000)
  eden space 18432K, 0% used [0x00000000eab00000,0x00000000eab00000,0x00000000ebd00000)
  from space 10752K, 99% used [0x00000000ec000000,0x00000000eca7e6c0,0x00000000eca80000)
  to   space 19968K, 0% used [0x00000000ed080000,0x00000000ed080000,0x00000000ee400000)
 ParOldGen       total 391168K, used 374007K [0x00000000c0000000, 0x00000000d7e00000, 0x00000000eab00000)
  object space 391168K, 95% used [0x00000000c0000000,0x00000000d6d3de18,0x00000000d7e00000)
 Metaspace       used 64615K, committed 65536K, reserved 1114112K
  class space    used 6875K, committed 7232K, reserved 1048576K
}

